<?xml version="1.0" encoding="UTF-8"?>
<testsuite xmlns:xsi="http://www.w3.org/2001/XMLSchema-instance" xsi:noNamespaceSchemaLocation="https://maven.apache.org/surefire/maven-surefire-plugin/xsd/surefire-test-report-3.0.xsd" version="3.0" name="com.datamining.sentimentanalysis.AppTest" time="0.014" tests="1" errors="0" skipped="0" failures="0">
  <properties>
    <property name="java.specification.version" value="20"/>
    <property name="sun.jnu.encoding" value="UTF-8"/>
    <property name="java.class.path" value="/Users/mariapapuc/Maria&apos;s Folder/Master/An2_Sem1/DataMining/Proiect/Lyrics_SentimentAnalysis_DataMining/lyrics-sentimentanalysis-datamining/target/test-classes:/Users/mariapapuc/Maria&apos;s Folder/Master/An2_Sem1/DataMining/Proiect/Lyrics_SentimentAnalysis_DataMining/lyrics-sentimentanalysis-datamining/target/classes:/Users/mariapapuc/.m2/repository/junit/junit/3.8.1/junit-3.8.1.jar:/Users/mariapapuc/.m2/repository/edu/stanford/nlp/stanford-corenlp/4.2.2/stanford-corenlp-4.2.2.jar:/Users/mariapapuc/.m2/repository/com/apple/AppleJavaExtensions/1.4/AppleJavaExtensions-1.4.jar:/Users/mariapapuc/.m2/repository/de/jollyday/jollyday/0.4.9/jollyday-0.4.9.jar:/Users/mariapapuc/.m2/repository/org/apache/commons/commons-lang3/3.3.1/commons-lang3-3.3.1.jar:/Users/mariapapuc/.m2/repository/org/apache/lucene/lucene-queryparser/7.5.0/lucene-queryparser-7.5.0.jar:/Users/mariapapuc/.m2/repository/org/apache/lucene/lucene-queries/7.5.0/lucene-queries-7.5.0.jar:/Users/mariapapuc/.m2/repository/org/apache/lucene/lucene-sandbox/7.5.0/lucene-sandbox-7.5.0.jar:/Users/mariapapuc/.m2/repository/org/apache/lucene/lucene-analyzers-common/7.5.0/lucene-analyzers-common-7.5.0.jar:/Users/mariapapuc/.m2/repository/org/apache/lucene/lucene-core/7.5.0/lucene-core-7.5.0.jar:/Users/mariapapuc/.m2/repository/javax/servlet/javax.servlet-api/3.0.1/javax.servlet-api-3.0.1.jar:/Users/mariapapuc/.m2/repository/xom/xom/1.3.2/xom-1.3.2.jar:/Users/mariapapuc/.m2/repository/xml-apis/xml-apis/1.3.03/xml-apis-1.3.03.jar:/Users/mariapapuc/.m2/repository/xerces/xercesImpl/2.8.0/xercesImpl-2.8.0.jar:/Users/mariapapuc/.m2/repository/xalan/xalan/2.7.0/xalan-2.7.0.jar:/Users/mariapapuc/.m2/repository/joda-time/joda-time/2.10.5/joda-time-2.10.5.jar:/Users/mariapapuc/.m2/repository/org/ejml/ejml-core/0.39/ejml-core-0.39.jar:/Users/mariapapuc/.m2/repository/com/google/code/findbugs/jsr305/3.0.2/jsr305-3.0.2.jar:/Users/mariapapuc/.m2/repository/org/ejml/ejml-ddense/0.39/ejml-ddense-0.39.jar:/Users/mariapapuc/.m2/repository/org/ejml/ejml-simple/0.39/ejml-simple-0.39.jar:/Users/mariapapuc/.m2/repository/org/ejml/ejml-fdense/0.39/ejml-fdense-0.39.jar:/Users/mariapapuc/.m2/repository/org/ejml/ejml-cdense/0.39/ejml-cdense-0.39.jar:/Users/mariapapuc/.m2/repository/org/ejml/ejml-zdense/0.39/ejml-zdense-0.39.jar:/Users/mariapapuc/.m2/repository/org/ejml/ejml-dsparse/0.39/ejml-dsparse-0.39.jar:/Users/mariapapuc/.m2/repository/org/ejml/ejml-fsparse/0.39/ejml-fsparse-0.39.jar:/Users/mariapapuc/.m2/repository/org/glassfish/javax.json/1.0.4/javax.json-1.0.4.jar:/Users/mariapapuc/.m2/repository/org/slf4j/slf4j-api/1.7.12/slf4j-api-1.7.12.jar:/Users/mariapapuc/.m2/repository/com/google/protobuf/protobuf-java/3.9.2/protobuf-java-3.9.2.jar:/Users/mariapapuc/.m2/repository/javax/activation/javax.activation-api/1.2.0/javax.activation-api-1.2.0.jar:/Users/mariapapuc/.m2/repository/javax/xml/bind/jaxb-api/2.4.0-b180830.0359/jaxb-api-2.4.0-b180830.0359.jar:/Users/mariapapuc/.m2/repository/com/sun/xml/bind/jaxb-core/2.3.0.1/jaxb-core-2.3.0.1.jar:/Users/mariapapuc/.m2/repository/com/sun/xml/bind/jaxb-impl/2.4.0-b180830.0438/jaxb-impl-2.4.0-b180830.0438.jar:/Users/mariapapuc/.m2/repository/edu/stanford/nlp/stanford-corenlp/4.2.2/stanford-corenlp-4.2.2-models.jar:"/>
    <property name="java.vm.vendor" value="Homebrew"/>
    <property name="sun.arch.data.model" value="64"/>
    <property name="java.vendor.url" value="https://github.com/Homebrew/homebrew-core/issues"/>
    <property name="os.name" value="Mac OS X"/>
    <property name="java.vm.specification.version" value="20"/>
    <property name="sun.java.launcher" value="SUN_STANDARD"/>
    <property name="user.country" value="RO"/>
    <property name="sun.boot.library.path" value="/opt/homebrew/Cellar/openjdk/20.0.1/libexec/openjdk.jdk/Contents/Home/lib"/>
    <property name="sun.java.command" value="/Users/mariapapuc/Maria&apos;s Folder/Master/An2_Sem1/DataMining/Proiect/Lyrics_SentimentAnalysis_DataMining/lyrics-sentimentanalysis-datamining/target/surefire/surefirebooter-20240104221932365_3.jar /Users/mariapapuc/Maria&apos;s Folder/Master/An2_Sem1/DataMining/Proiect/Lyrics_SentimentAnalysis_DataMining/lyrics-sentimentanalysis-datamining/target/surefire 2024-01-04T22-19-32_327-jvmRun1 surefire-20240104221932365_1tmp surefire_0-20240104221932365_2tmp"/>
    <property name="http.nonProxyHosts" value="local|*.local|169.254/16|*.169.254/16"/>
    <property name="jdk.debug" value="release"/>
    <property name="surefire.test.class.path" value="/Users/mariapapuc/Maria&apos;s Folder/Master/An2_Sem1/DataMining/Proiect/Lyrics_SentimentAnalysis_DataMining/lyrics-sentimentanalysis-datamining/target/test-classes:/Users/mariapapuc/Maria&apos;s Folder/Master/An2_Sem1/DataMining/Proiect/Lyrics_SentimentAnalysis_DataMining/lyrics-sentimentanalysis-datamining/target/classes:/Users/mariapapuc/.m2/repository/junit/junit/3.8.1/junit-3.8.1.jar:/Users/mariapapuc/.m2/repository/edu/stanford/nlp/stanford-corenlp/4.2.2/stanford-corenlp-4.2.2.jar:/Users/mariapapuc/.m2/repository/com/apple/AppleJavaExtensions/1.4/AppleJavaExtensions-1.4.jar:/Users/mariapapuc/.m2/repository/de/jollyday/jollyday/0.4.9/jollyday-0.4.9.jar:/Users/mariapapuc/.m2/repository/org/apache/commons/commons-lang3/3.3.1/commons-lang3-3.3.1.jar:/Users/mariapapuc/.m2/repository/org/apache/lucene/lucene-queryparser/7.5.0/lucene-queryparser-7.5.0.jar:/Users/mariapapuc/.m2/repository/org/apache/lucene/lucene-queries/7.5.0/lucene-queries-7.5.0.jar:/Users/mariapapuc/.m2/repository/org/apache/lucene/lucene-sandbox/7.5.0/lucene-sandbox-7.5.0.jar:/Users/mariapapuc/.m2/repository/org/apache/lucene/lucene-analyzers-common/7.5.0/lucene-analyzers-common-7.5.0.jar:/Users/mariapapuc/.m2/repository/org/apache/lucene/lucene-core/7.5.0/lucene-core-7.5.0.jar:/Users/mariapapuc/.m2/repository/javax/servlet/javax.servlet-api/3.0.1/javax.servlet-api-3.0.1.jar:/Users/mariapapuc/.m2/repository/xom/xom/1.3.2/xom-1.3.2.jar:/Users/mariapapuc/.m2/repository/xml-apis/xml-apis/1.3.03/xml-apis-1.3.03.jar:/Users/mariapapuc/.m2/repository/xerces/xercesImpl/2.8.0/xercesImpl-2.8.0.jar:/Users/mariapapuc/.m2/repository/xalan/xalan/2.7.0/xalan-2.7.0.jar:/Users/mariapapuc/.m2/repository/joda-time/joda-time/2.10.5/joda-time-2.10.5.jar:/Users/mariapapuc/.m2/repository/org/ejml/ejml-core/0.39/ejml-core-0.39.jar:/Users/mariapapuc/.m2/repository/com/google/code/findbugs/jsr305/3.0.2/jsr305-3.0.2.jar:/Users/mariapapuc/.m2/repository/org/ejml/ejml-ddense/0.39/ejml-ddense-0.39.jar:/Users/mariapapuc/.m2/repository/org/ejml/ejml-simple/0.39/ejml-simple-0.39.jar:/Users/mariapapuc/.m2/repository/org/ejml/ejml-fdense/0.39/ejml-fdense-0.39.jar:/Users/mariapapuc/.m2/repository/org/ejml/ejml-cdense/0.39/ejml-cdense-0.39.jar:/Users/mariapapuc/.m2/repository/org/ejml/ejml-zdense/0.39/ejml-zdense-0.39.jar:/Users/mariapapuc/.m2/repository/org/ejml/ejml-dsparse/0.39/ejml-dsparse-0.39.jar:/Users/mariapapuc/.m2/repository/org/ejml/ejml-fsparse/0.39/ejml-fsparse-0.39.jar:/Users/mariapapuc/.m2/repository/org/glassfish/javax.json/1.0.4/javax.json-1.0.4.jar:/Users/mariapapuc/.m2/repository/org/slf4j/slf4j-api/1.7.12/slf4j-api-1.7.12.jar:/Users/mariapapuc/.m2/repository/com/google/protobuf/protobuf-java/3.9.2/protobuf-java-3.9.2.jar:/Users/mariapapuc/.m2/repository/javax/activation/javax.activation-api/1.2.0/javax.activation-api-1.2.0.jar:/Users/mariapapuc/.m2/repository/javax/xml/bind/jaxb-api/2.4.0-b180830.0359/jaxb-api-2.4.0-b180830.0359.jar:/Users/mariapapuc/.m2/repository/com/sun/xml/bind/jaxb-core/2.3.0.1/jaxb-core-2.3.0.1.jar:/Users/mariapapuc/.m2/repository/com/sun/xml/bind/jaxb-impl/2.4.0-b180830.0438/jaxb-impl-2.4.0-b180830.0438.jar:/Users/mariapapuc/.m2/repository/edu/stanford/nlp/stanford-corenlp/4.2.2/stanford-corenlp-4.2.2-models.jar:"/>
    <property name="sun.cpu.endian" value="little"/>
    <property name="user.home" value="/Users/mariapapuc"/>
    <property name="user.language" value="en"/>
    <property name="java.specification.vendor" value="Oracle Corporation"/>
    <property name="java.version.date" value="2023-04-18"/>
    <property name="java.home" value="/opt/homebrew/Cellar/openjdk/20.0.1/libexec/openjdk.jdk/Contents/Home"/>
    <property name="file.separator" value="/"/>
    <property name="basedir" value="/Users/mariapapuc/Maria&apos;s Folder/Master/An2_Sem1/DataMining/Proiect/Lyrics_SentimentAnalysis_DataMining/lyrics-sentimentanalysis-datamining"/>
    <property name="java.vm.compressedOopsMode" value="Zero based"/>
    <property name="line.separator" value="&#10;"/>
    <property name="java.vm.specification.vendor" value="Oracle Corporation"/>
    <property name="java.specification.name" value="Java Platform API Specification"/>
    <property name="apple.awt.application.name" value="ForkedBooter"/>
    <property name="surefire.real.class.path" value="/Users/mariapapuc/Maria&apos;s Folder/Master/An2_Sem1/DataMining/Proiect/Lyrics_SentimentAnalysis_DataMining/lyrics-sentimentanalysis-datamining/target/surefire/surefirebooter-20240104221932365_3.jar"/>
    <property name="sun.management.compiler" value="HotSpot 64-Bit Tiered Compilers"/>
    <property name="ftp.nonProxyHosts" value="local|*.local|169.254/16|*.169.254/16"/>
    <property name="java.runtime.version" value="20.0.1"/>
    <property name="user.name" value="mariapapuc"/>
    <property name="stdout.encoding" value="UTF-8"/>
    <property name="path.separator" value=":"/>
    <property name="os.version" value="14.2.1"/>
    <property name="java.runtime.name" value="OpenJDK Runtime Environment"/>
    <property name="file.encoding" value="UTF-8"/>
    <property name="java.vm.name" value="OpenJDK 64-Bit Server VM"/>
    <property name="java.vendor.version" value="Homebrew"/>
    <property name="localRepository" value="/Users/mariapapuc/.m2/repository"/>
    <property name="java.vendor.url.bug" value="https://github.com/Homebrew/homebrew-core/issues"/>
    <property name="java.io.tmpdir" value="/var/folders/4y/lckr1k315x5f5020ctp1mmtr0000gn/T/"/>
    <property name="java.version" value="20.0.1"/>
    <property name="user.dir" value="/Users/mariapapuc/Maria&apos;s Folder/Master/An2_Sem1/DataMining/Proiect/Lyrics_SentimentAnalysis_DataMining/lyrics-sentimentanalysis-datamining"/>
    <property name="os.arch" value="aarch64"/>
    <property name="java.vm.specification.name" value="Java Virtual Machine Specification"/>
    <property name="native.encoding" value="UTF-8"/>
    <property name="java.library.path" value="/Users/mariapapuc/Library/Java/Extensions:/Library/Java/Extensions:/Network/Library/Java/Extensions:/System/Library/Java/Extensions:/usr/lib/java:."/>
    <property name="java.vm.info" value="mixed mode, sharing"/>
    <property name="stderr.encoding" value="UTF-8"/>
    <property name="java.vendor" value="Homebrew"/>
    <property name="java.vm.version" value="20.0.1"/>
    <property name="sun.io.unicode.encoding" value="UnicodeBig"/>
    <property name="socksNonProxyHosts" value="local|*.local|169.254/16|*.169.254/16"/>
    <property name="java.class.version" value="64.0"/>
  </properties>
  <testcase name="testApp" classname="com.datamining.sentimentanalysis.AppTest" time="0.001"/>
</testsuite>